# JRE version: Java(TM) SE Runtime Environment (8.0_161-b12) (build 1.8.0_161-b12)
# Java VM: Java HotSpot(TM) 64-Bit Server VM (25.161-b12 mixed mode windows-amd64 compressed oops)
Heap:
 PSYoungGen      total 967680K, used 458672K [0x000000076b000000, 0x00000007ba380000, 0x00000007c0000000)
  eden space 936448K, 47% used [0x000000076b000000,0x00000007863c48f0,0x00000007a4280000)
  from space 31232K, 39% used [0x00000007a4280000,0x00000007a4ea7990,0x00000007a6100000)
  to   space 29696K, 0% used [0x00000007b8680000,0x00000007b8680000,0x00000007ba380000)
 ParOldGen       total 249344K, used 74579K [0x00000006c1000000, 0x00000006d0380000, 0x000000076b000000)
  object space 249344K, 29% used [0x00000006c1000000,0x00000006c58d4c40,0x00000006d0380000)
 Metaspace       used 63112K, capacity 90232K, committed 90368K, reserved 1110016K
  class space    used 18001K, capacity 29110K, committed 29184K, reserved 1048576K
GC Heap History (10 events):
Event: 4.473 GC heap before
{Heap before GC invocations=12 (full 2):
 PSYoungGen      total 705536K, used 7825K [0x000000076b000000, 0x000000079f080000, 0x00000007c0000000)
  eden space 697344K, 0% used [0x000000076b000000,0x000000076b000000,0x0000000795900000)
  from space 8192K, 95% used [0x000000079e880000,0x000000079f0245e8,0x000000079f080000)
  to   space 10240K, 0% used [0x000000079dc80000,0x000000079dc80000,0x000000079e680000)
 ParOldGen       total 110080K, used 16192K [0x00000006c1000000, 0x00000006c7b80000, 0x000000076b000000)
  object space 110080K, 14% used [0x00000006c1000000,0x00000006c1fd0000,0x00000006c7b80000)
 Metaspace       used 27628K, capacity 35439K, committed 35496K, reserved 1075200K
  class space    used 7108K, capacity 9977K, committed 9984K, reserved 1048576K
Event: 4.526 GC heap after
Heap after GC invocations=12 (full 2):
 PSYoungGen      total 705536K, used 0K [0x000000076b000000, 0x000000079f080000, 0x00000007c0000000)
  eden space 697344K, 0% used [0x000000076b000000,0x000000076b000000,0x0000000795900000)
  from space 8192K, 0% used [0x000000079e880000,0x000000079e880000,0x000000079f080000)
  to   space 10240K, 0% used [0x000000079dc80000,0x000000079dc80000,0x000000079e680000)
 ParOldGen       total 152576K, used 23487K [0x00000006c1000000, 0x00000006ca500000, 0x000000076b000000)
  object space 152576K, 15% used [0x00000006c1000000,0x00000006c26eff78,0x00000006ca500000)
 Metaspace       used 27628K, capacity 35439K, committed 35496K, reserved 1075200K
  class space    used 7108K, capacity 9977K, committed 9984K, reserved 1048576K
}
Event: 6.729 GC heap before
{Heap before GC invocations=13 (full 2):
 PSYoungGen      total 705536K, used 697344K [0x000000076b000000, 0x000000079f080000, 0x00000007c0000000)
  eden space 697344K, 100% used [0x000000076b000000,0x0000000795900000,0x0000000795900000)
  from space 8192K, 0% used [0x000000079e880000,0x000000079e880000,0x000000079f080000)
  to   space 10240K, 0% used [0x000000079dc80000,0x000000079dc80000,0x000000079e680000)
 ParOldGen       total 152576K, used 23487K [0x00000006c1000000, 0x00000006ca500000, 0x000000076b000000)
  object space 152576K, 15% used [0x00000006c1000000,0x00000006c26eff78,0x00000006ca500000)
 Metaspace       used 37031K, capacity 46609K, committed 46720K, reserved 1083392K
  class space    used 8714K, capacity 12142K, committed 12160K, reserved 1048576K
Event: 6.794 GC heap after
Heap after GC invocations=13 (full 2):
 PSYoungGen      total 842240K, used 10228K [0x000000076b000000, 0x00000007a7b80000, 0x00000007c0000000)
  eden space 832000K, 0% used [0x000000076b000000,0x000000076b000000,0x000000079dc80000)
  from space 10240K, 99% used [0x000000079dc80000,0x000000079e67d040,0x000000079e680000)
  to   space 27136K, 0% used [0x00000007a6100000,0x00000007a6100000,0x00000007a7b80000)
 ParOldGen       total 152576K, used 67934K [0x00000006c1000000, 0x00000006ca500000, 0x000000076b000000)
  object space 152576K, 44% used [0x00000006c1000000,0x00000006c52579b8,0x00000006ca500000)
 Metaspace       used 37031K, capacity 46609K, committed 46720K, reserved 1083392K
  class space    used 8714K, capacity 12142K, committed 12160K, reserved 1048576K
}
Event: 1853.066 GC heap before
{Heap before GC invocations=14 (full 2):
 PSYoungGen      total 842240K, used 668853K [0x000000076b000000, 0x00000007a7b80000, 0x00000007c0000000)
  eden space 832000K, 79% used [0x000000076b000000,0x00000007933303f8,0x000000079dc80000)
  from space 10240K, 99% used [0x000000079dc80000,0x000000079e67d040,0x000000079e680000)
  to   space 27136K, 0% used [0x00000007a6100000,0x00000007a6100000,0x00000007a7b80000)
 ParOldGen       total 152576K, used 67934K [0x00000006c1000000, 0x00000006ca500000, 0x000000076b000000)
  object space 152576K, 44% used [0x00000006c1000000,0x00000006c52579b8,0x00000006ca500000)
 Metaspace       used 44078K, capacity 59075K, committed 59160K, reserved 1091584K
  class space    used 11300K, capacity 16812K, committed 16896K, reserved 1048576K
Event: 1853.111 GC heap after
Heap after GC invocations=14 (full 2):
 PSYoungGen      total 963584K, used 26642K [0x000000076b000000, 0x00000007b1200000, 0x00000007c0000000)
  eden space 936448K, 0% used [0x000000076b000000,0x000000076b000000,0x00000007a4280000)
  from space 27136K, 98% used [0x00000007a6100000,0x00000007a7b04be0,0x00000007a7b80000)
  to   space 31232K, 0% used [0x00000007a4280000,0x00000007a4280000,0x00000007a6100000)
 ParOldGen       total 152576K, used 77793K [0x00000006c1000000, 0x00000006ca500000, 0x000000076b000000)
  object space 152576K, 50% used [0x00000006c1000000,0x00000006c5bf8790,0x00000006ca500000)
 Metaspace       used 44078K, capacity 59075K, committed 59160K, reserved 1091584K
  class space    used 11300K, capacity 16812K, committed 16896K, reserved 1048576K
}
Event: 1853.111 GC heap before
{Heap before GC invocations=15 (full 3):
 PSYoungGen      total 963584K, used 26642K [0x000000076b000000, 0x00000007b1200000, 0x00000007c0000000)
  eden space 936448K, 0% used [0x000000076b000000,0x000000076b000000,0x00000007a4280000)
  from space 27136K, 98% used [0x00000007a6100000,0x00000007a7b04be0,0x00000007a7b80000)
  to   space 31232K, 0% used [0x00000007a4280000,0x00000007a4280000,0x00000007a6100000)
 ParOldGen       total 152576K, used 77793K [0x00000006c1000000, 0x00000006ca500000, 0x000000076b000000)
  object space 152576K, 50% used [0x00000006c1000000,0x00000006c5bf8790,0x00000006ca500000)
 Metaspace       used 44078K, capacity 59075K, committed 59160K, reserved 1091584K
  class space    used 11300K, capacity 16812K, committed 16896K, reserved 1048576K
Event: 1853.378 GC heap after
Heap after GC invocations=15 (full 3):
 PSYoungGen      total 963584K, used 0K [0x000000076b000000, 0x00000007b1200000, 0x00000007c0000000)
  eden space 936448K, 0% used [0x000000076b000000,0x000000076b000000,0x00000007a4280000)
  from space 27136K, 0% used [0x00000007a6100000,0x00000007a6100000,0x00000007a7b80000)
  to   space 31232K, 0% used [0x00000007a4280000,0x00000007a4280000,0x00000007a6100000)
 ParOldGen       total 249344K, used 74571K [0x00000006c1000000, 0x00000006d0380000, 0x000000076b000000)
  object space 249344K, 29% used [0x00000006c1000000,0x00000006c58d2c40,0x00000006d0380000)
 Metaspace       used 44078K, capacity 59075K, committed 59160K, reserved 1091584K
  class space    used 11300K, capacity 16812K, committed 16896K, reserved 1048576K
}
Event: 2016.156 GC heap before
{Heap before GC invocations=16 (full 3):
 PSYoungGen      total 963584K, used 936448K [0x000000076b000000, 0x00000007b1200000, 0x00000007c0000000)
  eden space 936448K, 100% used [0x000000076b000000,0x00000007a4280000,0x00000007a4280000)
  from space 27136K, 0% used [0x00000007a6100000,0x00000007a6100000,0x00000007a7b80000)
  to   space 31232K, 0% used [0x00000007a4280000,0x00000007a4280000,0x00000007a6100000)
 ParOldGen       total 249344K, used 74571K [0x00000006c1000000, 0x00000006d0380000, 0x000000076b000000)
  object space 249344K, 29% used [0x00000006c1000000,0x00000006c58d2c40,0x00000006d0380000)
 Metaspace       used 63102K, capacity 90164K, committed 90368K, reserved 1110016K
  class space    used 17999K, capacity 29110K, committed 29184K, reserved 1048576K
Event: 2016.171 GC heap after
Heap after GC invocations=16 (full 3):
 PSYoungGen      total 967680K, used 12446K [0x000000076b000000, 0x00000007ba380000, 0x00000007c0000000)
  eden space 936448K, 0% used [0x000000076b000000,0x000000076b000000,0x00000007a4280000)
  from space 31232K, 39% used [0x00000007a4280000,0x00000007a4ea7990,0x00000007a6100000)
  to   space 29696K, 0% used [0x00000007b8680000,0x00000007b8680000,0x00000007ba380000)
 ParOldGen       total 249344K, used 74579K [0x00000006c1000000, 0x00000006d0380000, 0x000000076b000000)
  object space 249344K, 29% used [0x00000006c1000000,0x00000006c58d4c40,0x00000006d0380000)
 Metaspace       used 63102K, capacity 90164K, committed 90368K, reserved 1110016K
  class space    used 17999K, capacity 29110K, committed 29184K, reserved 1048576K
}

